C:\Users\NRaghunath\source\repos\mathcalci\mathcalci\angular\angular-with-webapi\dist\out-tsc\src\app\app.component.js
C:\Users\NRaghunath\source\repos\mathcalci\mathcalci\angular\angular-with-webapi\dist\out-tsc\src\app\app.component.js.map
C:\Users\NRaghunath\source\repos\mathcalci\mathcalci\angular\angular-with-webapi\dist\out-tsc\src\app\app.module.js
C:\Users\NRaghunath\source\repos\mathcalci\mathcalci\angular\angular-with-webapi\dist\out-tsc\src\app\app.module.js.map
C:\Users\NRaghunath\source\repos\mathcalci\mathcalci\angular\angular-with-webapi\dist\out-tsc\src\environments\environment.js
C:\Users\NRaghunath\source\repos\mathcalci\mathcalci\angular\angular-with-webapi\dist\out-tsc\src\environments\environment.js.map
C:\Users\NRaghunath\source\repos\mathcalci\mathcalci\angular\angular-with-webapi\dist\out-tsc\src\main.js
C:\Users\NRaghunath\source\repos\mathcalci\mathcalci\angular\angular-with-webapi\dist\out-tsc\src\main.js.map
C:\Users\NRaghunath\source\repos\mathcalci\mathcalci\angular\angular-with-webapi\dist\out-tsc\src\polyfills.js
C:\Users\NRaghunath\source\repos\mathcalci\mathcalci\angular\angular-with-webapi\dist\out-tsc\src\polyfills.js.map
C:\Users\NRaghunath\source\repos\mathcalci\mathcalci\angular\angular-with-webapi\dist\out-tsc\src\test.js
C:\Users\NRaghunath\source\repos\mathcalci\mathcalci\angular\angular-with-webapi\dist\out-tsc\src\test.js.map
C:\Users\NRaghunath\source\repos\mathcalci\mathcalci\angular\angular-with-webapi\dist\out-tsc\e2e\src\app.po.js
C:\Users\NRaghunath\source\repos\mathcalci\mathcalci\angular\angular-with-webapi\dist\out-tsc\e2e\src\app.po.js.map
C:\Users\NRaghunath\source\repos\mathcalci\mathcalci\angular\angular-with-webapi\dist\out-tsc\e2e\src\app.e2e-spec.js
C:\Users\NRaghunath\source\repos\mathcalci\mathcalci\angular\angular-with-webapi\dist\out-tsc\e2e\src\app.e2e-spec.js.map
C:\Users\NRaghunath\source\repos\mathcalci\mathcalci\angular\angular-with-webapi\dist\out-tsc\src\app\app.component.spec.js
C:\Users\NRaghunath\source\repos\mathcalci\mathcalci\angular\angular-with-webapi\dist\out-tsc\src\app\app.component.spec.js.map
C:\Users\NRaghunath\source\repos\mathcalci\mathcalci\angular\angular-with-webapi\dist\out-tsc\src\environments\environment.prod.js
C:\Users\NRaghunath\source\repos\mathcalci\mathcalci\angular\angular-with-webapi\dist\out-tsc\src\environments\environment.prod.js.map
